<?xml version="1.0" encoding="UTF-8"?>
<!-- Generated by org.testng.reporters.JUnitXMLReporter -->
<testsuite ignored="0" hostname="Ashish" failures="0" tests="1" name="Test-Runner-2" time="8.138" errors="0" timestamp="2025-05-03T17:30:49 IST">
  <testcase classname="InventoryTests.AddProductToCart" name="TC_01_AddProductToCartTest" time="2.105"/>
</testsuite> <!-- Test-Runner-2 -->
