<?xml version="1.0" encoding="UTF-8"?>
<!-- Generated by org.testng.reporters.JUnitXMLReporter -->
<testsuite ignored="0" hostname="Ashish" failures="0" tests="1" name="Test-Runner-1" time="8.167" errors="0" timestamp="2025-05-03T17:30:49 IST">
  <testcase classname="InventoryTests.AddLowestPriceProductToCart" name="TC_01_AddLowestPrciceProductToCartTest" time="0.903"/>
</testsuite> <!-- Test-Runner-1 -->
