<?xml version="1.0" encoding="UTF-8"?>
<!-- Generated by org.testng.reporters.JUnitXMLReporter -->
<testsuite ignored="0" hostname="Ashish" failures="0" tests="1" name="Test-Running-Chrome" time="12.248" errors="0" timestamp="2025-05-05T17:07:28 IST">
  <testcase classname="InventoryTests.AddLowestPriceProductToCart" name="TC_01_AddLowestPrciceProductToCartTest" time="2.607"/>
</testsuite> <!-- Test-Running-Chrome -->
