<?xml version="1.0" encoding="UTF-8"?>
<!-- Generated by org.testng.reporters.JUnitReportReporter -->
<testsuite hostname="Ashish" failures="0" tests="1" name="practice.TestNGPractice1" time="0.008" errors="0" timestamp="2025-04-29T18:25:06 IST" skipped="0">
  <testcase classname="practice.TestNGPractice1" name="ModifySample" time="0.008"/>
</testsuite> <!-- practice.TestNGPractice1 -->
