<?xml version="1.0" encoding="UTF-8"?>
<!-- Generated by org.testng.reporters.JUnitReportReporter -->
<testsuite hostname="Ashish" failures="0" tests="2" name="InventoryTests.AddProductToCart" time="1.166" errors="0" timestamp="2025-05-20T18:10:47 IST" skipped="0">
  <testcase classname="InventoryTests.AddProductToCart" name="TC_01_AddProductToCartTest" time="0.646"/>
  <testcase classname="InventoryTests.AddProductToCart" name="sample" time="0.520"/>
</testsuite> <!-- InventoryTests.AddProductToCart -->
