<?xml version="1.0" encoding="UTF-8"?>
<!-- Generated by org.testng.reporters.JUnitReportReporter -->
<testsuite hostname="Ashish" failures="0" tests="4" name="practice.TestNGPractice" time="0.016" errors="0" timestamp="2025-04-28T18:29:31 IST" skipped="0">
  <testcase classname="practice.TestNGPractice" name="ModifySample" time="0.002"/>
  <testcase classname="practice.TestNGPractice" name="DeleteSample" time="0.008"/>
  <testcase classname="practice.TestNGPractice" name="createSample" time="0.003"/>
  <testcase classname="practice.TestNGPractice" name="createSample" time="0.003"/>
</testsuite> <!-- practice.TestNGPractice -->
